<?xml version="1.0" encoding="UTF-8"?>
<!-- Generated by org.testng.reporters.JUnitReportReporter -->
<testsuite hostname="Venkat-Lappy" failures="0" tests="3" name="testNGFramework.TestNGAssertions" time="19.775" errors="0" timestamp="2022-03-15T23:27:45 EDT" skipped="0">
  <testcase classname="testNGFramework.TestNGAssertions" name="LaunchBrowser" time="6.974"/>
  <system-out/>
  <testcase classname="testNGFramework.TestNGAssertions" name="LoginTest" time="8.486"/>
  <system-out/>
  <testcase classname="testNGFramework.TestNGAssertions" name="logout" time="4.315"/>
  <system-out/>
</testsuite> <!-- testNGFramework.TestNGAssertions -->
