<?xml version="1.0" encoding="UTF-8"?>
<!-- Generated by org.testng.reporters.JUnitReportReporter -->
<testsuite hostname="Venkat-Lappy" failures="0" tests="2" name="testNG.TestNgexecution" time="0.038" errors="0" timestamp="2022-03-15T23:27:45 EDT" skipped="0">
  <testcase classname="testNG.TestNgexecution" name="Testmethod2" time="0.011"/>
  <system-out/>
  <testcase classname="testNG.TestNgexecution" name="Testmethod1" time="0.027"/>
  <system-out/>
</testsuite> <!-- testNG.TestNgexecution -->
